<?xml version="1.0" encoding="UTF-8"?>
<!-- Generated by org.testng.reporters.JUnitReportReporter -->
<testsuite hostname="DESKTOP-JCJ8HOK" failures="0" tests="2" name="pageobjectModel.POM_001" time="51.708" errors="0" timestamp="26 Oct 2021 04:57:26 GMT" skipped="1">
  <testcase classname="pageobjectModel.POM_001" name="customerReg" time="51.708"/>
  <testcase classname="pageobjectModel.POM_001" name="f">
    <skipped/>
  </testcase> <!-- f -->
</testsuite> <!-- pageobjectModel.POM_001 -->
