<?xml version="1.0" encoding="UTF-8"?>
<!-- Generated by org.testng.reporters.JUnitReportReporter -->
<testsuite hostname="DESKTOP-JCJ8HOK" failures="0" tests="1" name="suiteB.TestB1" time="4.019" errors="0" timestamp="2021-10-17T10:06:36 IST" skipped="0">
  <testcase classname="suiteB.TestB1" name="f" time="4.019"/>
  <system-out/>
</testsuite> <!-- suiteB.TestB1 -->
