<?xml version="1.0" encoding="UTF-8"?>
<!-- Generated by org.testng.reporters.JUnitReportReporter -->
<testsuite hostname="DESKTOP-JCJ8HOK" failures="0" tests="2" name="excelDataDrivens.FacebookDemoByUsingDataProvider" time="15.175" errors="0" timestamp="23 Oct 2021 04:32:45 GMT" skipped="0">
  <testcase classname="excelDataDrivens.FacebookDemoByUsingDataProvider" name="fbTest" time="9.758"/>
  <testcase classname="excelDataDrivens.FacebookDemoByUsingDataProvider" name="fbTest" time="5.417"/>
</testsuite> <!-- excelDataDrivens.FacebookDemoByUsingDataProvider -->
