<?xml version="1.0" encoding="UTF-8"?>
<!-- Generated by org.testng.reporters.JUnitReportReporter -->
<testsuite hostname="DESKTOP-JCJ8HOK" failures="0" tests="3" name="com.project.TNG_002" time="0.032" errors="0" timestamp="2021-10-13T10:05:04 IST" skipped="1">
  <testcase classname="com.project.TNG_002" name="f" time="0.026"/>
  <system-out/>
  <testcase classname="com.project.TNG_002" name="a" time="0.006"/>
  <system-out/>
  <testcase classname="com.project.TNG_002" name="z">
    <skipped/>
  </testcase> <!-- z -->
  <system-out/>
</testsuite> <!-- com.project.TNG_002 -->
