<?xml version="1.0" encoding="UTF-8"?>
<!-- Generated by org.testng.reporters.JUnitReportReporter -->
<testsuite hostname="DESKTOP-JCJ8HOK" failures="0" tests="1" name="suiteB.TestB3" time="4.003" errors="0" timestamp="2021-10-17T10:06:36 IST" skipped="0">
  <testcase classname="suiteB.TestB3" name="f" time="4.003"/>
  <system-out/>
</testsuite> <!-- suiteB.TestB3 -->
