<?xml version="1.0" encoding="UTF-8"?>
<!-- Generated by org.testng.reporters.JUnitReportReporter -->
<testsuite hostname="DESKTOP-JCJ8HOK" failures="0" tests="1" name="com.project.LinksTesting1" time="13.959" errors="0" timestamp="2021-10-17T10:18:26 IST" skipped="0">
  <testcase classname="com.project.LinksTesting1" name="linktesting1" time="13.959"/>
  <system-out>
    <![CDATA[Clicked on Image Link]]>
  </system-out>
</testsuite> <!-- com.project.LinksTesting1 -->
