<?xml version="1.0" encoding="UTF-8"?>
<!-- Generated by org.testng.reporters.JUnitReportReporter -->
<testsuite hostname="DESKTOP-JCJ8HOK" failures="0" tests="2" name="excelDataDrivens.DataManagementwithHashTable" time="0.066" errors="0" timestamp="23 Oct 2021 04:10:38 GMT" skipped="0">
  <testcase classname="excelDataDrivens.DataManagementwithHashTable" name="f" time="0.064"/>
  <testcase classname="excelDataDrivens.DataManagementwithHashTable" name="f" time="0.002"/>
</testsuite> <!-- excelDataDrivens.DataManagementwithHashTable -->
