<?xml version="1.0" encoding="UTF-8"?>
<!-- Generated by org.testng.reporters.JUnitReportReporter -->
<testsuite skipped="0" hostname="DESKTOP-14KCMM0" name="com.project.CheckBox1" tests="1" failures="0" timestamp="07 Nov 2021 07:51:06 GMT" time="11.118" errors="0">
  <testcase name="checkboxTest" time="11.118" classname="com.project.CheckBox1"/>
</testsuite> <!-- com.project.CheckBox1 -->
