<?xml version="1.0" encoding="UTF-8"?>
<!-- Generated by org.testng.reporters.JUnitReportReporter -->
<testsuite hostname="DESKTOP-JCJ8HOK" failures="0" tests="3" name="excelDataDrivens.DataManagementDynamicDemo" time="0.064" errors="0" timestamp="23 Oct 2021 04:18:17 GMT" skipped="0">
  <testcase classname="excelDataDrivens.DataManagementDynamicDemo" name="f" time="0.008"/>
  <testcase classname="excelDataDrivens.DataManagementDynamicDemo" name="f" time="0.003"/>
  <testcase classname="excelDataDrivens.DataManagementDynamicDemo" name="f" time="0.053"/>
</testsuite> <!-- excelDataDrivens.DataManagementDynamicDemo -->
