<?xml version="1.0" encoding="UTF-8"?>
<!-- Generated by org.testng.reporters.JUnitReportReporter -->
<testsuite skipped="0" hostname="DESKTOP-14KCMM0" name="suiteA.TestA2" tests="1" failures="0" timestamp="07 Nov 2021 07:54:08 GMT" time="4.016" errors="0">
  <testcase name="f" time="4.016" classname="suiteA.TestA2"/>
</testsuite> <!-- suiteA.TestA2 -->
