<?xml version="1.0" encoding="UTF-8"?>
<!-- Generated by org.testng.reporters.JUnitReportReporter -->
<testsuite hostname="DESKTOP-JCJ8HOK" failures="0" tests="4" name="com.project.TestDependency" time="0.028" errors="0" timestamp="2021-10-18T09:20:51 IST" skipped="2">
  <testcase classname="com.project.TestDependency" name="orange" time="0.021"/>
  <system-out/>
  <testcase classname="com.project.TestDependency" name="white" time="0.004"/>
  <system-out/>
  <testcase classname="com.project.TestDependency" name="blue" time="0.003">
    <skipped/>
  </testcase> <!-- blue -->
  <system-out/>
  <testcase classname="com.project.TestDependency" name="green" time="0.000">
    <skipped/>
  </testcase> <!-- green -->
  <system-out/>
</testsuite> <!-- com.project.TestDependency -->
