<?xml version="1.0" encoding="UTF-8"?>
<!-- Generated by org.testng.reporters.JUnitReportReporter -->
<testsuite hostname="DESKTOP-JCJ8HOK" failures="0" tests="3" name="excelDataDrivens.DataManagementwithDataprovider" time="0.075" errors="0" timestamp="22 Oct 2021 04:48:59 GMT" skipped="0">
  <testcase classname="excelDataDrivens.DataManagementwithDataprovider" name="f" time="0.038"/>
  <testcase classname="excelDataDrivens.DataManagementwithDataprovider" name="f" time="0.031"/>
  <testcase classname="excelDataDrivens.DataManagementwithDataprovider" name="f" time="0.006"/>
</testsuite> <!-- excelDataDrivens.DataManagementwithDataprovider -->
