<?xml version="1.0" encoding="UTF-8"?>
<!-- Generated by org.testng.reporters.JUnitReportReporter -->
<testsuite hostname="DESKTOP-JCJ8HOK" failures="0" tests="3" name="com.project.TNG_004" time="0.054" errors="0" timestamp="2021-10-17T09:47:38 IST" skipped="0">
  <testcase classname="com.project.TNG_004" name="test1" time="0.024"/>
  <system-out/>
  <testcase classname="com.project.TNG_004" name="test3" time="0.005"/>
  <system-out/>
  <testcase classname="com.project.TNG_004" name="test2" time="0.025"/>
  <system-out/>
</testsuite> <!-- com.project.TNG_004 -->
